<?xml version="1.0" encoding="UTF-8"?>
<!-- Generated by org.testng.reporters.JUnitXMLReporter -->
<testsuite ignored="0" hostname="BOOM" failures="0" tests="6" name="AutomationTest" time="54.965" errors="0" timestamp="2026-06-11T16:43:47 IST">
  <testcase classname="testcases.AutomationPracticeTest" name="GUIElements" time="8.826"/>
  <testcase classname="testcases.AutomationPracticeTest" name="Upload" time="0.067"/>
  <testcase classname="testcases.AutomationPracticeTest" name="Alerts" time="0.142"/>
  <testcase classname="testcases.AutomationPracticeTest" name="Window" time="0.231"/>
  <testcase classname="testcases.AutomationPracticeTest" name="MouseActions" time="0.67"/>
  <testcase classname="testcases.AutomationPracticeTest" name="Slider" time="0.437"/>
</testsuite> <!-- AutomationTest -->
