<?xml version="1.0" encoding="UTF-8"?>
<testng-results ignored="0" total="6" passed="6" failed="0" skipped="0">
  <reporter-output>
  </reporter-output>
  <suite started-at="2026-06-11T16:42:52 IST" name="CapstoneSuite" finished-at="2026-06-11T16:43:47 IST" duration-ms="54965">
    <groups>
    </groups>
    <test started-at="2026-06-11T16:42:52 IST" name="AutomationTest" finished-at="2026-06-11T16:43:47 IST" duration-ms="54965">
      <class name="testcases.AutomationPracticeTest">
        <test-method is-config="true" signature="setup()[pri:0, instance:testcases.AutomationPracticeTest@618b19ad]" started-at="2026-06-11T16:42:52 IST" name="setup" finished-at="2026-06-11T16:43:01 IST" duration-ms="8687" status="PASS">
          <reporter-output>
          </reporter-output>
        </test-method> <!-- setup -->
        <test-method signature="GUIElements()[pri:1, instance:testcases.AutomationPracticeTest@618b19ad]" started-at="2026-06-11T16:43:01 IST" name="GUIElements" finished-at="2026-06-11T16:43:09 IST" duration-ms="8826" status="PASS">
          <reporter-output>
          </reporter-output>
        </test-method> <!-- GUIElements -->
        <test-method is-config="true" signature="tearDown()[pri:0, instance:testcases.AutomationPracticeTest@618b19ad]" started-at="2026-06-11T16:43:09 IST" name="tearDown" finished-at="2026-06-11T16:43:10 IST" duration-ms="447" status="PASS">
          <reporter-output>
          </reporter-output>
        </test-method> <!-- tearDown -->
        <test-method is-config="true" signature="setup()[pri:0, instance:testcases.AutomationPracticeTest@618b19ad]" started-at="2026-06-11T16:43:10 IST" name="setup" finished-at="2026-06-11T16:43:16 IST" duration-ms="5592" status="PASS">
          <reporter-output>
          </reporter-output>
        </test-method> <!-- setup -->
        <test-method signature="Upload()[pri:2, instance:testcases.AutomationPracticeTest@618b19ad]" started-at="2026-06-11T16:43:16 IST" name="Upload" finished-at="2026-06-11T16:43:16 IST" duration-ms="67" status="PASS">
          <reporter-output>
          </reporter-output>
        </test-method> <!-- Upload -->
        <test-method is-config="true" signature="tearDown()[pri:0, instance:testcases.AutomationPracticeTest@618b19ad]" started-at="2026-06-11T16:43:16 IST" name="tearDown" finished-at="2026-06-11T16:43:16 IST" duration-ms="334" status="PASS">
          <reporter-output>
          </reporter-output>
        </test-method> <!-- tearDown -->
        <test-method is-config="true" signature="setup()[pri:0, instance:testcases.AutomationPracticeTest@618b19ad]" started-at="2026-06-11T16:43:16 IST" name="setup" finished-at="2026-06-11T16:43:24 IST" duration-ms="8206" status="PASS">
          <reporter-output>
          </reporter-output>
        </test-method> <!-- setup -->
        <test-method signature="Alerts()[pri:3, instance:testcases.AutomationPracticeTest@618b19ad]" started-at="2026-06-11T16:43:24 IST" name="Alerts" finished-at="2026-06-11T16:43:24 IST" duration-ms="142" status="PASS">
          <reporter-output>
          </reporter-output>
        </test-method> <!-- Alerts -->
        <test-method is-config="true" signature="tearDown()[pri:0, instance:testcases.AutomationPracticeTest@618b19ad]" started-at="2026-06-11T16:43:24 IST" name="tearDown" finished-at="2026-06-11T16:43:25 IST" duration-ms="309" status="PASS">
          <reporter-output>
          </reporter-output>
        </test-method> <!-- tearDown -->
        <test-method is-config="true" signature="setup()[pri:0, instance:testcases.AutomationPracticeTest@618b19ad]" started-at="2026-06-11T16:43:25 IST" name="setup" finished-at="2026-06-11T16:43:31 IST" duration-ms="6586" status="PASS">
          <reporter-output>
          </reporter-output>
        </test-method> <!-- setup -->
        <test-method signature="Window()[pri:4, instance:testcases.AutomationPracticeTest@618b19ad]" started-at="2026-06-11T16:43:31 IST" name="Window" finished-at="2026-06-11T16:43:31 IST" duration-ms="231" status="PASS">
          <reporter-output>
          </reporter-output>
        </test-method> <!-- Window -->
        <test-method is-config="true" signature="tearDown()[pri:0, instance:testcases.AutomationPracticeTest@618b19ad]" started-at="2026-06-11T16:43:31 IST" name="tearDown" finished-at="2026-06-11T16:43:32 IST" duration-ms="271" status="PASS">
          <reporter-output>
          </reporter-output>
        </test-method> <!-- tearDown -->
        <test-method is-config="true" signature="setup()[pri:0, instance:testcases.AutomationPracticeTest@618b19ad]" started-at="2026-06-11T16:43:32 IST" name="setup" finished-at="2026-06-11T16:43:37 IST" duration-ms="5022" status="PASS">
          <reporter-output>
          </reporter-output>
        </test-method> <!-- setup -->
        <test-method signature="MouseActions()[pri:5, instance:testcases.AutomationPracticeTest@618b19ad]" started-at="2026-06-11T16:43:37 IST" name="MouseActions" finished-at="2026-06-11T16:43:37 IST" duration-ms="670" status="PASS">
          <reporter-output>
          </reporter-output>
        </test-method> <!-- MouseActions -->
        <test-method is-config="true" signature="tearDown()[pri:0, instance:testcases.AutomationPracticeTest@618b19ad]" started-at="2026-06-11T16:43:37 IST" name="tearDown" finished-at="2026-06-11T16:43:38 IST" duration-ms="277" status="PASS">
          <reporter-output>
          </reporter-output>
        </test-method> <!-- tearDown -->
        <test-method is-config="true" signature="setup()[pri:0, instance:testcases.AutomationPracticeTest@618b19ad]" started-at="2026-06-11T16:43:38 IST" name="setup" finished-at="2026-06-11T16:43:46 IST" duration-ms="8536" status="PASS">
          <reporter-output>
          </reporter-output>
        </test-method> <!-- setup -->
        <test-method signature="Slider()[pri:6, instance:testcases.AutomationPracticeTest@618b19ad]" started-at="2026-06-11T16:43:46 IST" name="Slider" finished-at="2026-06-11T16:43:47 IST" duration-ms="437" status="PASS">
          <reporter-output>
          </reporter-output>
        </test-method> <!-- Slider -->
        <test-method is-config="true" signature="tearDown()[pri:0, instance:testcases.AutomationPracticeTest@618b19ad]" started-at="2026-06-11T16:43:47 IST" name="tearDown" finished-at="2026-06-11T16:43:47 IST" duration-ms="225" status="PASS">
          <reporter-output>
          </reporter-output>
        </test-method> <!-- tearDown -->
      </class> <!-- testcases.AutomationPracticeTest -->
    </test> <!-- AutomationTest -->
  </suite> <!-- CapstoneSuite -->
</testng-results>
