<?xml version="1.0" encoding="UTF-8"?>
<!-- Generated by org.testng.reporters.JUnitReportReporter -->
<testsuite hostname="BOOM" failures="0" tests="6" name="testcases.AutomationPracticeTest" time="54.865" errors="0" timestamp="2026-06-11T16:43:47 IST" skipped="0">
  <testcase classname="testcases.AutomationPracticeTest" name="GUIElements" time="17.790"/>
  <testcase classname="testcases.AutomationPracticeTest" name="Upload" time="5.993"/>
  <testcase classname="testcases.AutomationPracticeTest" name="Alerts" time="8.619"/>
  <testcase classname="testcases.AutomationPracticeTest" name="Window" time="5.478"/>
  <testcase classname="testcases.AutomationPracticeTest" name="MouseActions" time="7.565"/>
  <testcase classname="testcases.AutomationPracticeTest" name="Slider" time="9.420"/>
</testsuite> <!-- testcases.AutomationPracticeTest -->
